<?xml version="1.0" encoding="UTF-8"?>
<coverage generated="1774119553812" clover="3.2.0">
  <project timestamp="1774119553813" name="All files">
    <metrics statements="169" coveredstatements="169" conditionals="138" coveredconditionals="138" methods="50" coveredmethods="50" elements="357" coveredelements="357" complexity="0" loc="169" ncloc="169" packages="4" files="15" classes="15"/>
    <package name="src">
      <metrics statements="11" coveredstatements="11" conditionals="19" coveredconditionals="19" methods="3" coveredmethods="3"/>
      <file name="App.tsx" path="/Users/grasbergerm/Projects/schiffe.grasbergerm.com/frontend/src/App.tsx">
        <metrics statements="11" coveredstatements="11" conditionals="19" coveredconditionals="19" methods="3" coveredmethods="3"/>
        <line num="11" count="16" type="stmt"/>
        <line num="12" count="16" type="stmt"/>
        <line num="13" count="16" type="stmt"/>
        <line num="14" count="16" type="stmt"/>
        <line num="15" count="16" type="stmt"/>
        <line num="17" count="16" type="cond" truecount="2" falsecount="0"/>
        <line num="19" count="16" type="cond" truecount="4" falsecount="0"/>
        <line num="21" count="15" type="cond" truecount="4" falsecount="0"/>
        <line num="22" count="2" type="stmt"/>
        <line num="25" count="13" type="stmt"/>
        <line num="33" count="2" type="stmt"/>
      </file>
    </package>
    <package name="src.components">
      <metrics statements="48" coveredstatements="48" conditionals="59" coveredconditionals="59" methods="16" coveredmethods="16"/>
      <file name="ErrorState.tsx" path="/Users/grasbergerm/Projects/schiffe.grasbergerm.com/frontend/src/components/ErrorState.tsx">
        <metrics statements="1" coveredstatements="1" conditionals="0" coveredconditionals="0" methods="1" coveredmethods="1"/>
        <line num="2" count="2" type="stmt"/>
      </file>
      <file name="FilterBar.tsx" path="/Users/grasbergerm/Projects/schiffe.grasbergerm.com/frontend/src/components/FilterBar.tsx">
        <metrics statements="4" coveredstatements="4" conditionals="10" coveredconditionals="10" methods="4" coveredmethods="4"/>
        <line num="11" count="18" type="stmt"/>
        <line num="14" count="90" type="stmt"/>
        <line num="17" count="2" type="cond" truecount="2" falsecount="0"/>
        <line num="24" count="1" type="stmt"/>
      </file>
      <file name="ShipCard.tsx" path="/Users/grasbergerm/Projects/schiffe.grasbergerm.com/frontend/src/components/ShipCard.tsx">
        <metrics statements="7" coveredstatements="7" conditionals="23" coveredconditionals="23" methods="1" coveredmethods="1"/>
        <line num="17" count="24" type="stmt"/>
        <line num="18" count="24" type="stmt"/>
        <line num="19" count="24" type="stmt"/>
        <line num="20" count="24" type="stmt"/>
        <line num="21" count="24" type="stmt"/>
        <line num="22" count="24" type="stmt"/>
        <line num="24" count="24" type="stmt"/>
      </file>
      <file name="ShipList.tsx" path="/Users/grasbergerm/Projects/schiffe.grasbergerm.com/frontend/src/components/ShipList.tsx">
        <metrics statements="8" coveredstatements="8" conditionals="6" coveredconditionals="6" methods="4" coveredmethods="4"/>
        <line num="10" count="18" type="stmt"/>
        <line num="12" count="18" type="cond" truecount="2" falsecount="0"/>
        <line num="13" count="8" type="stmt"/>
        <line num="16" count="10" type="stmt"/>
        <line num="19" count="16" type="stmt"/>
        <line num="20" count="16" type="cond" truecount="2" falsecount="0"/>
        <line num="21" count="16" type="stmt"/>
        <line num="28" count="3" type="cond" truecount="2" falsecount="0"/>
      </file>
      <file name="ShipSizeIcon.tsx" path="/Users/grasbergerm/Projects/schiffe.grasbergerm.com/frontend/src/components/ShipSizeIcon.tsx">
        <metrics statements="7" coveredstatements="7" conditionals="4" coveredconditionals="4" methods="1" coveredmethods="1"/>
        <line num="9" count="4" type="stmt"/>
        <line num="16" count="4" type="stmt"/>
        <line num="19" count="27" type="cond" truecount="4" falsecount="0"/>
        <line num="21" count="3" type="stmt"/>
        <line num="22" count="3" type="stmt"/>
        <line num="24" count="3" type="stmt"/>
        <line num="26" count="3" type="stmt"/>
      </file>
      <file name="StatusBar.tsx" path="/Users/grasbergerm/Projects/schiffe.grasbergerm.com/frontend/src/components/StatusBar.tsx">
        <metrics statements="9" coveredstatements="9" conditionals="6" coveredconditionals="6" methods="1" coveredmethods="1"/>
        <line num="11" count="17" type="stmt"/>
        <line num="12" count="17" type="stmt"/>
        <line num="14" count="17" type="cond" truecount="2" falsecount="0"/>
        <line num="15" count="1" type="stmt"/>
        <line num="16" count="1" type="stmt"/>
        <line num="17" count="16" type="cond" truecount="4" falsecount="0"/>
        <line num="18" count="1" type="stmt"/>
        <line num="19" count="1" type="stmt"/>
        <line num="22" count="17" type="stmt"/>
      </file>
      <file name="WatchMode.tsx" path="/Users/grasbergerm/Projects/schiffe.grasbergerm.com/frontend/src/components/WatchMode.tsx">
        <metrics statements="12" coveredstatements="12" conditionals="10" coveredconditionals="10" methods="4" coveredmethods="4"/>
        <line num="15" count="11" type="stmt"/>
        <line num="16" count="11" type="stmt"/>
        <line num="17" count="11" type="stmt"/>
        <line num="18" count="11" type="stmt"/>
        <line num="19" count="11" type="stmt"/>
        <line num="21" count="11" type="stmt"/>
        <line num="23" count="11" type="stmt"/>
        <line num="24" count="9" type="stmt"/>
        <line num="27" count="11" type="stmt"/>
        <line num="29" count="11" type="stmt"/>
        <line num="45" count="1" type="stmt"/>
        <line num="46" count="1" type="stmt"/>
      </file>
    </package>
    <package name="src.hooks">
      <metrics statements="68" coveredstatements="68" conditionals="30" coveredconditionals="30" methods="18" coveredmethods="18"/>
      <file name="useGeolocation.ts" path="/Users/grasbergerm/Projects/schiffe.grasbergerm.com/frontend/src/hooks/useGeolocation.ts">
        <metrics statements="41" coveredstatements="41" conditionals="24" coveredconditionals="24" methods="10" coveredmethods="10"/>
        <line num="12" count="2" type="stmt"/>
        <line num="13" count="2" type="stmt"/>
        <line num="14" count="2" type="stmt"/>
        <line num="17" count="20" type="stmt"/>
        <line num="20" count="20" type="stmt"/>
        <line num="21" count="20" type="stmt"/>
        <line num="23" count="20" type="stmt"/>
        <line num="28" count="10" type="stmt"/>
        <line num="29" count="10" type="stmt"/>
        <line num="30" count="9" type="cond" truecount="2" falsecount="0"/>
        <line num="31" count="8" type="stmt"/>
        <line num="32" count="8" type="cond" truecount="2" falsecount="0"/>
        <line num="33" count="10" type="cond" truecount="5" falsecount="0"/>
        <line num="37" count="10" type="stmt"/>
        <line num="38" count="10" type="stmt"/>
        <line num="42" count="9" type="cond" truecount="2" falsecount="0"/>
        <line num="43" count="8" type="stmt"/>
        <line num="44" count="6" type="cond" truecount="2" falsecount="0"/>
        <line num="48" count="35" type="stmt"/>
        <line num="49" count="35" type="stmt"/>
        <line num="50" count="35" type="stmt"/>
        <line num="53" count="17" type="cond" truecount="2" falsecount="0"/>
        <line num="55" count="15" type="stmt"/>
        <line num="57" count="10" type="stmt"/>
        <line num="58" count="10" type="stmt"/>
        <line num="59" count="10" type="stmt"/>
        <line num="60" count="10" type="stmt"/>
        <line num="62" count="10" type="stmt"/>
        <line num="63" count="10" type="stmt"/>
        <line num="64" count="2" type="stmt"/>
        <line num="65" count="4" type="stmt"/>
        <line num="68" count="10" type="cond" truecount="4" falsecount="0"/>
        <line num="69" count="2" type="stmt"/>
        <line num="70" count="8" type="cond" truecount="2" falsecount="0"/>
        <line num="71" count="4" type="stmt"/>
        <line num="72" count="4" type="cond" truecount="2" falsecount="0"/>
        <line num="73" count="2" type="stmt"/>
        <line num="75" count="2" type="stmt"/>
        <line num="88" count="35" type="stmt"/>
        <line num="89" count="15" type="stmt"/>
        <line num="92" count="35" type="stmt"/>
      </file>
      <file name="useShips.ts" path="/Users/grasbergerm/Projects/schiffe.grasbergerm.com/frontend/src/hooks/useShips.ts">
        <metrics statements="27" coveredstatements="27" conditionals="6" coveredconditionals="6" methods="8" coveredmethods="8"/>
        <line num="5" count="2" type="stmt"/>
        <line num="17" count="19" type="stmt"/>
        <line num="18" count="19" type="stmt"/>
        <line num="19" count="19" type="stmt"/>
        <line num="20" count="19" type="stmt"/>
        <line num="21" count="19" type="stmt"/>
        <line num="23" count="19" type="stmt"/>
        <line num="24" count="11" type="stmt"/>
        <line num="28" count="11" type="stmt"/>
        <line num="29" count="5" type="stmt"/>
        <line num="30" count="5" type="stmt"/>
        <line num="31" count="5" type="stmt"/>
        <line num="32" count="5" type="stmt"/>
        <line num="33" count="5" type="stmt"/>
        <line num="34" count="5" type="stmt"/>
        <line num="37" count="11" type="stmt"/>
        <line num="38" count="3" type="stmt"/>
        <line num="39" count="3" type="cond" truecount="2" falsecount="0"/>
        <line num="40" count="1" type="stmt"/>
        <line num="45" count="11" type="stmt"/>
        <line num="46" count="11" type="stmt"/>
        <line num="50" count="19" type="stmt"/>
        <line num="51" count="15" type="cond" truecount="2" falsecount="0"/>
        <line num="53" count="2" type="stmt"/>
        <line num="54" count="15" type="cond" truecount="2" falsecount="0"/>
        <line num="55" count="15" type="stmt"/>
        <line num="58" count="19" type="stmt"/>
      </file>
    </package>
    <package name="src.utils">
      <metrics statements="42" coveredstatements="42" conditionals="30" coveredconditionals="30" methods="13" coveredmethods="13"/>
      <file name="flag.ts" path="/Users/grasbergerm/Projects/schiffe.grasbergerm.com/frontend/src/utils/flag.ts">
        <metrics statements="6" coveredstatements="6" conditionals="2" coveredconditionals="2" methods="3" coveredmethods="3"/>
        <line num="2" count="5" type="stmt"/>
        <line num="101" count="13" type="stmt"/>
        <line num="104" count="26" type="stmt"/>
        <line num="109" count="39" type="stmt"/>
        <line num="110" count="39" type="stmt"/>
        <line num="111" count="39" type="cond" truecount="2" falsecount="0"/>
      </file>
      <file name="format.ts" path="/Users/grasbergerm/Projects/schiffe.grasbergerm.com/frontend/src/utils/format.ts">
        <metrics statements="12" coveredstatements="12" conditionals="6" coveredconditionals="6" methods="6" coveredmethods="6"/>
        <line num="2" count="36" type="stmt"/>
        <line num="6" count="42" type="stmt"/>
        <line num="10" count="1" type="stmt"/>
        <line num="11" count="1" type="stmt"/>
        <line num="15" count="18" type="stmt"/>
        <line num="19" count="27" type="stmt"/>
        <line num="20" count="27" type="cond" truecount="2" falsecount="0"/>
        <line num="21" count="2" type="cond" truecount="2" falsecount="0"/>
        <line num="22" count="1" type="stmt"/>
        <line num="26" count="40" type="cond" truecount="2" falsecount="0"/>
        <line num="27" count="27" type="stmt"/>
        <line num="28" count="27" type="stmt"/>
      </file>
      <file name="navStatus.ts" path="/Users/grasbergerm/Projects/schiffe.grasbergerm.com/frontend/src/utils/navStatus.ts">
        <metrics statements="6" coveredstatements="6" conditionals="8" coveredconditionals="8" methods="2" coveredmethods="2"/>
        <line num="2" count="5" type="stmt"/>
        <line num="15" count="5" type="stmt"/>
        <line num="26" count="38" type="cond" truecount="2" falsecount="0"/>
        <line num="27" count="24" type="cond" truecount="2" falsecount="0"/>
        <line num="31" count="28" type="cond" truecount="2" falsecount="0"/>
        <line num="32" count="16" type="cond" truecount="2" falsecount="0"/>
      </file>
      <file name="ports.ts" path="/Users/grasbergerm/Projects/schiffe.grasbergerm.com/frontend/src/utils/ports.ts">
        <metrics statements="10" coveredstatements="10" conditionals="8" coveredconditionals="8" methods="1" coveredmethods="1"/>
        <line num="3" count="5" type="stmt"/>
        <line num="117" count="5" type="stmt"/>
        <line num="131" count="44" type="cond" truecount="2" falsecount="0"/>
        <line num="132" count="17" type="stmt"/>
        <line num="133" count="17" type="cond" truecount="2" falsecount="0"/>
        <line num="136" count="16" type="stmt"/>
        <line num="137" count="16" type="cond" truecount="2" falsecount="0"/>
        <line num="140" count="3" type="stmt"/>
        <line num="141" count="3" type="cond" truecount="2" falsecount="0"/>
        <line num="144" count="1" type="stmt"/>
      </file>
      <file name="shipTypes.ts" path="/Users/grasbergerm/Projects/schiffe.grasbergerm.com/frontend/src/utils/shipTypes.ts">
        <metrics statements="8" coveredstatements="8" conditionals="6" coveredconditionals="6" methods="1" coveredmethods="1"/>
        <line num="10" count="44" type="cond" truecount="2" falsecount="0"/>
        <line num="12" count="40" type="stmt"/>
        <line num="14" count="40" type="cond" truecount="4" falsecount="0"/>
        <line num="16" count="1" type="stmt"/>
        <line num="18" count="36" type="stmt"/>
        <line num="20" count="2" type="stmt"/>
        <line num="22" count="1" type="stmt"/>
        <line num="26" count="6" type="stmt"/>
      </file>
    </package>
  </project>
</coverage>
