{"/Users/grasbergerm/Projects/schiffe.grasbergerm.com/frontend/src/App.tsx": {"path":"/Users/grasbergerm/Projects/schiffe.grasbergerm.com/frontend/src/App.tsx","statementMap":{"0":{"start":{"line":11,"column":17},"end":{"line":11,"column":45}},"1":{"start":{"line":12,"column":21},"end":{"line":12,"column":53}},"2":{"start":{"line":13,"column":20},"end":{"line":13,"column":51}},"3":{"start":{"line":14,"column":53},"end":{"line":14,"column":89}},"4":{"start":{"line":15,"column":34},"end":{"line":15,"column":82}},"5":{"start":{"line":17,"column":22},"end":{"line":17,"column":null}},"6":{"start":{"line":19,"column":2},"end":{"line":19,"column":null}},"7":{"start":{"line":19,"column":28},"end":{"line":19,"column":null}},"8":{"start":{"line":21,"column":2},"end":{"line":22,"column":null}},"9":{"start":{"line":22,"column":4},"end":{"line":22,"column":null}},"10":{"start":{"line":22,"column":53},"end":{"line":22,"column":76}},"11":{"start":{"line":25,"column":2},"end":{"line":57,"column":null}},"12":{"start":{"line":33,"column":59},"end":{"line":33,"column":77}}},"fnMap":{"0":{"name":"App","decl":{"start":{"line":10,"column":24},"end":{"line":10,"column":30}},"loc":{"start":{"line":10,"column":30},"end":{"line":57,"column":null}},"line":10},"1":{"name":"(anonymous_1)","decl":{"start":{"line":22,"column":38},"end":{"line":22,"column":53}},"loc":{"start":{"line":22,"column":53},"end":{"line":22,"column":76}},"line":22},"2":{"name":"(anonymous_2)","decl":{"start":{"line":33,"column":44},"end":{"line":33,"column":59}},"loc":{"start":{"line":33,"column":59},"end":{"line":33,"column":77}},"line":33}},"branchMap":{"0":{"loc":{"start":{"line":17,"column":22},"end":{"line":17,"column":null}},"type":"binary-expr","locations":[{"start":{"line":17,"column":22},"end":{"line":17,"column":35}},{"start":{"line":17,"column":35},"end":{"line":17,"column":null}}],"line":17},"1":{"loc":{"start":{"line":19,"column":2},"end":{"line":19,"column":null}},"type":"if","locations":[{"start":{"line":19,"column":2},"end":{"line":19,"column":null}},{"start":{},"end":{}}],"line":19},"2":{"loc":{"start":{"line":19,"column":6},"end":{"line":19,"column":28}},"type":"binary-expr","locations":[{"start":{"line":19,"column":6},"end":{"line":19,"column":21}},{"start":{"line":19,"column":21},"end":{"line":19,"column":28}}],"line":19},"3":{"loc":{"start":{"line":21,"column":2},"end":{"line":22,"column":null}},"type":"if","locations":[{"start":{"line":21,"column":2},"end":{"line":22,"column":null}},{"start":{},"end":{}}],"line":21},"4":{"loc":{"start":{"line":21,"column":6},"end":{"line":21,"column":29}},"type":"binary-expr","locations":[{"start":{"line":21,"column":6},"end":{"line":21,"column":19}},{"start":{"line":21,"column":19},"end":{"line":21,"column":29}}],"line":21},"5":{"loc":{"start":{"line":32,"column":13},"end":{"line":35,"column":null}},"type":"binary-expr","locations":[{"start":{"line":32,"column":13},"end":{"line":32,"column":null}},{"start":{"line":33,"column":14},"end":{"line":35,"column":null}}],"line":32},"6":{"loc":{"start":{"line":40,"column":13},"end":{"line":41,"column":null}},"type":"binary-expr","locations":[{"start":{"line":40,"column":13},"end":{"line":40,"column":34}},{"start":{"line":40,"column":34},"end":{"line":40,"column":null}},{"start":{"line":41,"column":14},"end":{"line":41,"column":null}}],"line":40},"7":{"loc":{"start":{"line":51,"column":9},"end":{"line":54,"column":null}},"type":"cond-expr","locations":[{"start":{"line":52,"column":10},"end":{"line":54,"column":11}},{"start":{"line":54,"column":10},"end":{"line":54,"column":null}}],"line":51},"8":{"loc":{"start":{"line":51,"column":9},"end":{"line":51,"column":null}},"type":"binary-expr","locations":[{"start":{"line":51,"column":9},"end":{"line":51,"column":22}},{"start":{"line":51,"column":22},"end":{"line":51,"column":null}}],"line":51}},"s":{"0":16,"1":16,"2":16,"3":16,"4":16,"5":16,"6":16,"7":1,"8":15,"9":2,"10":1,"11":13,"12":2},"f":{"0":16,"1":1,"2":2},"b":{"0":[16,2],"1":[1,15],"2":[16,2],"3":[2,13],"4":[15,2],"5":[13,4],"6":[16,4,4],"7":[1,12],"8":[16,1]},"meta":{"lastBranch":9,"lastFunction":3,"lastStatement":13,"seen":{"f:10:24:10:30":0,"s:11:17:11:45":0,"s:12:21:12:53":1,"s:13:20:13:51":2,"s:14:53:14:89":3,"s:15:34:15:82":4,"s:17:22:17:Infinity":5,"b:17:22:17:35:17:35:17:Infinity":0,"b:19:2:19:Infinity:undefined:undefined:undefined:undefined":1,"s:19:2:19:Infinity":6,"b:19:6:19:21:19:21:19:28":2,"s:19:28:19:Infinity":7,"b:21:2:22:Infinity:undefined:undefined:undefined:undefined":3,"s:21:2:22:Infinity":8,"b:21:6:21:19:21:19:21:29":4,"s:22:4:22:Infinity":9,"f:22:38:22:53":1,"s:22:53:22:76":10,"s:25:2:57:Infinity":11,"b:32:13:32:Infinity:33:14:35:Infinity":5,"f:33:44:33:59":2,"s:33:59:33:77":12,"b:40:13:40:34:40:34:40:Infinity:41:14:41:Infinity":6,"b:52:10:54:11:54:10:54:Infinity":7,"b:51:9:51:22:51:22:51:Infinity":8}}}
,"/Users/grasbergerm/Projects/schiffe.grasbergerm.com/frontend/src/components/ErrorState.tsx": {"path":"/Users/grasbergerm/Projects/schiffe.grasbergerm.com/frontend/src/components/ErrorState.tsx","statementMap":{"0":{"start":{"line":2,"column":2},"end":{"line":11,"column":null}}},"fnMap":{"0":{"name":"ErrorState","decl":{"start":{"line":1,"column":16},"end":{"line":1,"column":29}},"loc":{"start":{"line":1,"column":29},"end":{"line":11,"column":null}},"line":1}},"branchMap":{},"s":{"0":2},"f":{"0":2},"b":{},"meta":{"lastBranch":0,"lastFunction":1,"lastStatement":1,"seen":{"f:1:16:1:29":0,"s:2:2:11:Infinity":0}}}
,"/Users/grasbergerm/Projects/schiffe.grasbergerm.com/frontend/src/components/FilterBar.tsx": {"path":"/Users/grasbergerm/Projects/schiffe.grasbergerm.com/frontend/src/components/FilterBar.tsx","statementMap":{"0":{"start":{"line":11,"column":2},"end":{"line":27,"column":null}},"1":{"start":{"line":14,"column":8},"end":{"line":20,"column":null}},"2":{"start":{"line":17,"column":25},"end":{"line":17,"column":75}},"3":{"start":{"line":24,"column":23},"end":{"line":24,"column":54}}},"fnMap":{"0":{"name":"FilterBar","decl":{"start":{"line":10,"column":16},"end":{"line":10,"column":26}},"loc":{"start":{"line":10,"column":87},"end":{"line":27,"column":null}},"line":10},"1":{"name":"(anonymous_1)","decl":{"start":{"line":13,"column":22},"end":{"line":13,"column":27}},"loc":{"start":{"line":14,"column":8},"end":{"line":20,"column":null}},"line":14},"2":{"name":"(anonymous_2)","decl":{"start":{"line":17,"column":10},"end":{"line":17,"column":25}},"loc":{"start":{"line":17,"column":25},"end":{"line":17,"column":75}},"line":17},"3":{"name":"(anonymous_3)","decl":{"start":{"line":24,"column":8},"end":{"line":24,"column":23}},"loc":{"start":{"line":24,"column":23},"end":{"line":24,"column":54}},"line":24}},"branchMap":{"0":{"loc":{"start":{"line":16,"column":35},"end":{"line":16,"column":null}},"type":"cond-expr","locations":[{"start":{"line":16,"column":58},"end":{"line":16,"column":117}},{"start":{"line":16,"column":117},"end":{"line":16,"column":null}}],"line":16},"1":{"loc":{"start":{"line":16,"column":80},"end":{"line":16,"column":117}},"type":"cond-expr","locations":[{"start":{"line":16,"column":92},"end":{"line":16,"column":110}},{"start":{"line":16,"column":110},"end":{"line":16,"column":117}}],"line":16},"2":{"loc":{"start":{"line":17,"column":34},"end":{"line":17,"column":75}},"type":"cond-expr","locations":[{"start":{"line":17,"column":57},"end":{"line":17,"column":65}},{"start":{"line":17,"column":65},"end":{"line":17,"column":75}}],"line":17},"3":{"loc":{"start":{"line":19,"column":11},"end":{"line":19,"column":null}},"type":"cond-expr","locations":[{"start":{"line":19,"column":23},"end":{"line":19,"column":53}},{"start":{"line":19,"column":53},"end":{"line":19,"column":null}}],"line":19},"4":{"loc":{"start":{"line":23,"column":33},"end":{"line":23,"column":null}},"type":"cond-expr","locations":[{"start":{"line":23,"column":46},"end":{"line":23,"column":70}},{"start":{"line":23,"column":70},"end":{"line":23,"column":null}}],"line":23}},"s":{"0":18,"1":90,"2":2,"3":1},"f":{"0":18,"1":90,"2":2,"3":1},"b":{"0":[18,72],"1":[1,17],"2":[1,1],"3":[72,18],"4":[1,17]},"meta":{"lastBranch":5,"lastFunction":4,"lastStatement":4,"seen":{"f:10:16:10:26":0,"s:11:2:27:Infinity":0,"f:13:22:13:27":1,"s:14:8:20:Infinity":1,"b:16:58:16:117:16:117:16:Infinity":0,"b:16:92:16:110:16:110:16:117":1,"f:17:10:17:25":2,"s:17:25:17:75":2,"b:17:57:17:65:17:65:17:75":2,"b:19:23:19:53:19:53:19:Infinity":3,"b:23:46:23:70:23:70:23:Infinity":4,"f:24:8:24:23":3,"s:24:23:24:54":3}}}
,"/Users/grasbergerm/Projects/schiffe.grasbergerm.com/frontend/src/components/ShipCard.tsx": {"path":"/Users/grasbergerm/Projects/schiffe.grasbergerm.com/frontend/src/components/ShipCard.tsx","statementMap":{"0":{"start":{"line":17,"column":8},"end":{"line":17,"column":49}},"1":{"start":{"line":18,"column":8},"end":{"line":18,"column":46}},"2":{"start":{"line":19,"column":8},"end":{"line":19,"column":38}},"3":{"start":{"line":20,"column":8},"end":{"line":20,"column":47}},"4":{"start":{"line":21,"column":8},"end":{"line":21,"column":52}},"5":{"start":{"line":22,"column":8},"end":{"line":22,"column":58}},"6":{"start":{"line":24,"column":2},"end":{"line":83,"column":null}}},"fnMap":{"0":{"name":"ShipCard","decl":{"start":{"line":16,"column":16},"end":{"line":16,"column":25}},"loc":{"start":{"line":16,"column":73},"end":{"line":83,"column":null}},"line":16}},"branchMap":{"0":{"loc":{"start":{"line":26,"column":29},"end":{"line":26,"column":69}},"type":"cond-expr","locations":[{"start":{"line":26,"column":41},"end":{"line":26,"column":64}},{"start":{"line":26,"column":64},"end":{"line":26,"column":69}}],"line":26},"1":{"loc":{"start":{"line":26,"column":69},"end":{"line":26,"column":null}},"type":"cond-expr","locations":[{"start":{"line":26,"column":80},"end":{"line":26,"column":104}},{"start":{"line":26,"column":104},"end":{"line":26,"column":null}}],"line":26},"2":{"loc":{"start":{"line":34,"column":11},"end":{"line":34,"column":null}},"type":"binary-expr","locations":[{"start":{"line":34,"column":11},"end":{"line":34,"column":19}},{"start":{"line":34,"column":19},"end":{"line":34,"column":null}}],"line":34},"3":{"loc":{"start":{"line":35,"column":11},"end":{"line":35,"column":null}},"type":"binary-expr","locations":[{"start":{"line":35,"column":11},"end":{"line":35,"column":24}},{"start":{"line":35,"column":24},"end":{"line":35,"column":null}}],"line":35},"4":{"loc":{"start":{"line":36,"column":11},"end":{"line":36,"column":null}},"type":"binary-expr","locations":[{"start":{"line":36,"column":11},"end":{"line":36,"column":26}},{"start":{"line":36,"column":26},"end":{"line":36,"column":null}}],"line":36},"5":{"loc":{"start":{"line":47,"column":9},"end":{"line":47,"column":null}},"type":"binary-expr","locations":[{"start":{"line":47,"column":9},"end":{"line":47,"column":24}},{"start":{"line":47,"column":24},"end":{"line":47,"column":null}}],"line":47},"6":{"loc":{"start":{"line":50,"column":7},"end":{"line":83,"column":null}},"type":"binary-expr","locations":[{"start":{"line":50,"column":7},"end":{"line":50,"column":null}},{"start":{"line":51,"column":8},"end":{"line":83,"column":null}}],"line":50},"7":{"loc":{"start":{"line":56,"column":11},"end":{"line":59,"column":null}},"type":"binary-expr","locations":[{"start":{"line":56,"column":11},"end":{"line":56,"column":null}},{"start":{"line":57,"column":12},"end":{"line":59,"column":null}}],"line":56},"8":{"loc":{"start":{"line":62,"column":11},"end":{"line":65,"column":null}},"type":"binary-expr","locations":[{"start":{"line":62,"column":11},"end":{"line":62,"column":null}},{"start":{"line":63,"column":12},"end":{"line":65,"column":null}}],"line":62},"9":{"loc":{"start":{"line":72,"column":15},"end":{"line":72,"column":null}},"type":"binary-expr","locations":[{"start":{"line":72,"column":15},"end":{"line":72,"column":39}},{"start":{"line":72,"column":39},"end":{"line":72,"column":null}}],"line":72},"10":{"loc":{"start":{"line":75,"column":11},"end":{"line":78,"column":null}},"type":"binary-expr","locations":[{"start":{"line":75,"column":11},"end":{"line":75,"column":26}},{"start":{"line":75,"column":26},"end":{"line":75,"column":null}},{"start":{"line":76,"column":12},"end":{"line":78,"column":null}}],"line":75}},"s":{"0":24,"1":24,"2":24,"3":24,"4":24,"5":24,"6":24},"f":{"0":24},"b":{"0":[10,14],"1":[6,18],"2":[24,1],"3":[24,1],"4":[24,1],"5":[24,1],"6":[24,6],"7":[6,2],"8":[6,1],"9":[6,4],"10":[6,1,1]},"meta":{"lastBranch":11,"lastFunction":1,"lastStatement":7,"seen":{"f:16:16:16:25":0,"s:17:8:17:49":0,"s:18:8:18:46":1,"s:19:8:19:38":2,"s:20:8:20:47":3,"s:21:8:21:52":4,"s:22:8:22:58":5,"s:24:2:83:Infinity":6,"b:26:41:26:64:26:64:26:69":0,"b:26:80:26:104:26:104:26:Infinity":1,"b:34:11:34:19:34:19:34:Infinity":2,"b:35:11:35:24:35:24:35:Infinity":3,"b:36:11:36:26:36:26:36:Infinity":4,"b:47:9:47:24:47:24:47:Infinity":5,"b:50:7:50:Infinity:51:8:83:Infinity":6,"b:56:11:56:Infinity:57:12:59:Infinity":7,"b:62:11:62:Infinity:63:12:65:Infinity":8,"b:72:15:72:39:72:39:72:Infinity":9,"b:75:11:75:26:75:26:75:Infinity:76:12:78:Infinity":10}}}
,"/Users/grasbergerm/Projects/schiffe.grasbergerm.com/frontend/src/components/ShipList.tsx": {"path":"/Users/grasbergerm/Projects/schiffe.grasbergerm.com/frontend/src/components/ShipList.tsx","statementMap":{"0":{"start":{"line":10,"column":23},"end":{"line":10,"column":71}},"1":{"start":{"line":12,"column":2},"end":{"line":13,"column":null}},"2":{"start":{"line":13,"column":4},"end":{"line":13,"column":null}},"3":{"start":{"line":16,"column":2},"end":{"line":33,"column":null}},"4":{"start":{"line":19,"column":27},"end":{"line":19,"column":null}},"5":{"start":{"line":20,"column":26},"end":{"line":20,"column":null}},"6":{"start":{"line":21,"column":8},"end":{"line":30,"column":null}},"7":{"start":{"line":28,"column":14},"end":{"line":28,"column":null}},"8":{"start":{"line":28,"column":41},"end":{"line":28,"column":null}}},"fnMap":{"0":{"name":"ShipList","decl":{"start":{"line":9,"column":16},"end":{"line":9,"column":25}},"loc":{"start":{"line":9,"column":43},"end":{"line":33,"column":null}},"line":9},"1":{"name":"(anonymous_1)","decl":{"start":{"line":18,"column":13},"end":{"line":18,"column":18}},"loc":{"start":{"line":18,"column":30},"end":{"line":30,"column":null}},"line":18},"2":{"name":"(anonymous_2)","decl":{"start":{"line":27,"column":12},"end":{"line":27,"column":null}},"loc":{"start":{"line":28,"column":14},"end":{"line":28,"column":null}},"line":28},"3":{"name":"(anonymous_3)","decl":{"start":{"line":28,"column":14},"end":{"line":28,"column":31}},"loc":{"start":{"line":28,"column":41},"end":{"line":28,"column":null}},"line":28}},"branchMap":{"0":{"loc":{"start":{"line":12,"column":2},"end":{"line":13,"column":null}},"type":"if","locations":[{"start":{"line":12,"column":2},"end":{"line":13,"column":null}},{"start":{},"end":{}}],"line":12},"1":{"loc":{"start":{"line":20,"column":26},"end":{"line":20,"column":null}},"type":"cond-expr","locations":[{"start":{"line":20,"column":50},"end":{"line":20,"column":63}},{"start":{"line":20,"column":63},"end":{"line":20,"column":null}}],"line":20},"2":{"loc":{"start":{"line":28,"column":41},"end":{"line":28,"column":null}},"type":"cond-expr","locations":[{"start":{"line":28,"column":62},"end":{"line":28,"column":69}},{"start":{"line":28,"column":69},"end":{"line":28,"column":null}}],"line":28}},"s":{"0":18,"1":18,"2":8,"3":10,"4":16,"5":16,"6":16,"7":3,"8":3},"f":{"0":18,"1":16,"2":3,"3":3},"b":{"0":[8,10],"1":[4,12],"2":[1,2]},"meta":{"lastBranch":3,"lastFunction":4,"lastStatement":9,"seen":{"f:9:16:9:25":0,"s:10:23:10:71":0,"b:12:2:13:Infinity:undefined:undefined:undefined:undefined":0,"s:12:2:13:Infinity":1,"s:13:4:13:Infinity":2,"s:16:2:33:Infinity":3,"f:18:13:18:18":1,"s:19:27:19:Infinity":4,"s:20:26:20:Infinity":5,"b:20:50:20:63:20:63:20:Infinity":1,"s:21:8:30:Infinity":6,"f:27:12:27:Infinity":2,"s:28:14:28:Infinity":7,"f:28:14:28:31":3,"s:28:41:28:Infinity":8,"b:28:62:28:69:28:69:28:Infinity":2}}}
,"/Users/grasbergerm/Projects/schiffe.grasbergerm.com/frontend/src/components/ShipSizeIcon.tsx": {"path":"/Users/grasbergerm/Projects/schiffe.grasbergerm.com/frontend/src/components/ShipSizeIcon.tsx","statementMap":{"0":{"start":{"line":9,"column":53},"end":{"line":14,"column":null}},"1":{"start":{"line":16,"column":14},"end":{"line":16,"column":null}},"2":{"start":{"line":19,"column":2},"end":{"line":19,"column":null}},"3":{"start":{"line":19,"column":25},"end":{"line":19,"column":null}},"4":{"start":{"line":21,"column":16},"end":{"line":21,"column":55}},"5":{"start":{"line":22,"column":16},"end":{"line":22,"column":54}},"6":{"start":{"line":24,"column":16},"end":{"line":24,"column":null}},"7":{"start":{"line":26,"column":2},"end":{"line":42,"column":null}}},"fnMap":{"0":{"name":"ShipSizeIcon","decl":{"start":{"line":18,"column":16},"end":{"line":18,"column":29}},"loc":{"start":{"line":18,"column":65},"end":{"line":42,"column":null}},"line":18}},"branchMap":{"0":{"loc":{"start":{"line":19,"column":2},"end":{"line":19,"column":null}},"type":"if","locations":[{"start":{"line":19,"column":2},"end":{"line":19,"column":null}},{"start":{},"end":{}}],"line":19},"1":{"loc":{"start":{"line":19,"column":6},"end":{"line":19,"column":25}},"type":"binary-expr","locations":[{"start":{"line":19,"column":6},"end":{"line":19,"column":17}},{"start":{"line":19,"column":17},"end":{"line":19,"column":25}}],"line":19}},"s":{"0":4,"1":4,"2":27,"3":24,"4":3,"5":3,"6":3,"7":3},"f":{"0":27},"b":{"0":[24,3],"1":[27,3]},"meta":{"lastBranch":2,"lastFunction":1,"lastStatement":8,"seen":{"s:9:53:14:Infinity":0,"s:16:14:16:Infinity":1,"f:18:16:18:29":0,"b:19:2:19:Infinity:undefined:undefined:undefined:undefined":0,"s:19:2:19:Infinity":2,"b:19:6:19:17:19:17:19:25":1,"s:19:25:19:Infinity":3,"s:21:16:21:55":4,"s:22:16:22:54":5,"s:24:16:24:Infinity":6,"s:26:2:42:Infinity":7}}}
,"/Users/grasbergerm/Projects/schiffe.grasbergerm.com/frontend/src/components/StatusBar.tsx": {"path":"/Users/grasbergerm/Projects/schiffe.grasbergerm.com/frontend/src/components/StatusBar.tsx","statementMap":{"0":{"start":{"line":11,"column":17},"end":{"line":11,"column":null}},"1":{"start":{"line":12,"column":19},"end":{"line":12,"column":null}},"2":{"start":{"line":14,"column":2},"end":{"line":19,"column":null}},"3":{"start":{"line":15,"column":4},"end":{"line":15,"column":null}},"4":{"start":{"line":16,"column":4},"end":{"line":16,"column":null}},"5":{"start":{"line":17,"column":13},"end":{"line":19,"column":null}},"6":{"start":{"line":18,"column":4},"end":{"line":18,"column":null}},"7":{"start":{"line":19,"column":4},"end":{"line":19,"column":null}},"8":{"start":{"line":22,"column":2},"end":{"line":29,"column":null}}},"fnMap":{"0":{"name":"StatusBar","decl":{"start":{"line":10,"column":16},"end":{"line":10,"column":26}},"loc":{"start":{"line":10,"column":61},"end":{"line":29,"column":null}},"line":10}},"branchMap":{"0":{"loc":{"start":{"line":14,"column":2},"end":{"line":19,"column":null}},"type":"if","locations":[{"start":{"line":14,"column":2},"end":{"line":19,"column":null}},{"start":{"line":17,"column":13},"end":{"line":19,"column":null}}],"line":14},"1":{"loc":{"start":{"line":17,"column":13},"end":{"line":19,"column":null}},"type":"if","locations":[{"start":{"line":17,"column":13},"end":{"line":19,"column":null}},{"start":{},"end":{}}],"line":17},"2":{"loc":{"start":{"line":17,"column":13},"end":{"line":17,"column":38}},"type":"binary-expr","locations":[{"start":{"line":17,"column":13},"end":{"line":17,"column":21}},{"start":{"line":17,"column":21},"end":{"line":17,"column":38}}],"line":17}},"s":{"0":17,"1":17,"2":17,"3":1,"4":1,"5":16,"6":1,"7":1,"8":17},"f":{"0":17},"b":{"0":[1,16],"1":[1,15],"2":[16,6]},"meta":{"lastBranch":3,"lastFunction":1,"lastStatement":9,"seen":{"f:10:16:10:26":0,"s:11:17:11:Infinity":0,"s:12:19:12:Infinity":1,"b:14:2:19:Infinity:17:13:19:Infinity":0,"s:14:2:19:Infinity":2,"s:15:4:15:Infinity":3,"s:16:4:16:Infinity":4,"b:17:13:19:Infinity:undefined:undefined:undefined:undefined":1,"s:17:13:19:Infinity":5,"b:17:13:17:21:17:21:17:38":2,"s:18:4:18:Infinity":6,"s:19:4:19:Infinity":7,"s:22:2:29:Infinity":8}}}
,"/Users/grasbergerm/Projects/schiffe.grasbergerm.com/frontend/src/components/WatchMode.tsx": {"path":"/Users/grasbergerm/Projects/schiffe.grasbergerm.com/frontend/src/components/WatchMode.tsx","statementMap":{"0":{"start":{"line":15,"column":8},"end":{"line":15,"column":49}},"1":{"start":{"line":16,"column":8},"end":{"line":16,"column":38}},"2":{"start":{"line":17,"column":8},"end":{"line":17,"column":46}},"3":{"start":{"line":18,"column":8},"end":{"line":18,"column":52}},"4":{"start":{"line":19,"column":8},"end":{"line":19,"column":58}},"5":{"start":{"line":21,"column":22},"end":{"line":21,"column":93}},"6":{"start":{"line":23,"column":2},"end":{"line":25,"column":null}},"7":{"start":{"line":24,"column":4},"end":{"line":24,"column":null}},"8":{"start":{"line":27,"column":19},"end":{"line":27,"column":null}},"9":{"start":{"line":29,"column":2},"end":{"line":60,"column":null}},"10":{"start":{"line":45,"column":22},"end":{"line":45,"column":45}},"11":{"start":{"line":46,"column":23},"end":{"line":46,"column":null}}},"fnMap":{"0":{"name":"WatchMode","decl":{"start":{"line":14,"column":16},"end":{"line":14,"column":26}},"loc":{"start":{"line":14,"column":52},"end":{"line":60,"column":null}},"line":14},"1":{"name":"(anonymous_1)","decl":{"start":{"line":23,"column":2},"end":{"line":23,"column":18}},"loc":{"start":{"line":23,"column":18},"end":{"line":25,"column":6}},"line":23},"2":{"name":"(anonymous_2)","decl":{"start":{"line":45,"column":8},"end":{"line":45,"column":22}},"loc":{"start":{"line":45,"column":22},"end":{"line":45,"column":45}},"line":45},"3":{"name":"(anonymous_3)","decl":{"start":{"line":46,"column":8},"end":{"line":46,"column":23}},"loc":{"start":{"line":46,"column":23},"end":{"line":46,"column":null}},"line":46}},"branchMap":{"0":{"loc":{"start":{"line":32,"column":7},"end":{"line":39,"column":null}},"type":"binary-expr","locations":[{"start":{"line":32,"column":7},"end":{"line":32,"column":null}},{"start":{"line":33,"column":8},"end":{"line":39,"column":null}}],"line":32},"1":{"loc":{"start":{"line":51,"column":11},"end":{"line":52,"column":16}},"type":"binary-expr","locations":[{"start":{"line":51,"column":11},"end":{"line":51,"column":19}},{"start":{"line":51,"column":19},"end":{"line":52,"column":16}}],"line":51},"2":{"loc":{"start":{"line":52,"column":11},"end":{"line":52,"column":null}},"type":"binary-expr","locations":[{"start":{"line":52,"column":11},"end":{"line":52,"column":24}},{"start":{"line":52,"column":24},"end":{"line":52,"column":null}}],"line":52},"3":{"loc":{"start":{"line":54,"column":9},"end":{"line":54,"column":null}},"type":"binary-expr","locations":[{"start":{"line":54,"column":9},"end":{"line":54,"column":24}},{"start":{"line":54,"column":24},"end":{"line":54,"column":null}}],"line":54},"4":{"loc":{"start":{"line":59,"column":9},"end":{"line":60,"column":null}},"type":"binary-expr","locations":[{"start":{"line":59,"column":9},"end":{"line":59,"column":null}},{"start":{"line":60,"column":10},"end":{"line":60,"column":null}}],"line":59}},"s":{"0":11,"1":11,"2":11,"3":11,"4":11,"5":11,"6":11,"7":9,"8":11,"9":11,"10":1,"11":1},"f":{"0":11,"1":9,"2":1,"3":1},"b":{"0":[11,1],"1":[11,9],"2":[11,1],"3":[11,9],"4":[11,9]},"meta":{"lastBranch":5,"lastFunction":4,"lastStatement":12,"seen":{"f:14:16:14:26":0,"s:15:8:15:49":0,"s:16:8:16:38":1,"s:17:8:17:46":2,"s:18:8:18:52":3,"s:19:8:19:58":4,"s:21:22:21:93":5,"s:23:2:25:Infinity":6,"f:23:2:23:18":1,"s:24:4:24:Infinity":7,"s:27:19:27:Infinity":8,"s:29:2:60:Infinity":9,"b:32:7:32:Infinity:33:8:39:Infinity":0,"f:45:8:45:22":2,"s:45:22:45:45":10,"f:46:8:46:23":3,"s:46:23:46:Infinity":11,"b:51:11:51:19:51:19:52:16":1,"b:52:11:52:24:52:24:52:Infinity":2,"b:54:9:54:24:54:24:54:Infinity":3,"b:59:9:59:Infinity:60:10:60:Infinity":4}}}
,"/Users/grasbergerm/Projects/schiffe.grasbergerm.com/frontend/src/hooks/useGeolocation.ts": {"path":"/Users/grasbergerm/Projects/schiffe.grasbergerm.com/frontend/src/hooks/useGeolocation.ts","statementMap":{"0":{"start":{"line":12,"column":29},"end":{"line":12,"column":null}},"1":{"start":{"line":13,"column":24},"end":{"line":13,"column":null}},"2":{"start":{"line":14,"column":23},"end":{"line":14,"column":null}},"3":{"start":{"line":17,"column":21},"end":{"line":17,"column":42}},"4":{"start":{"line":20,"column":2},"end":{"line":23,"column":null}},"5":{"start":{"line":21,"column":4},"end":{"line":21,"column":null}},"6":{"start":{"line":23,"column":4},"end":{"line":23,"column":null}},"7":{"start":{"line":28,"column":14},"end":{"line":28,"column":null}},"8":{"start":{"line":29,"column":14},"end":{"line":29,"column":83}},"9":{"start":{"line":30,"column":2},"end":{"line":30,"column":null}},"10":{"start":{"line":30,"column":15},"end":{"line":30,"column":null}},"11":{"start":{"line":31,"column":15},"end":{"line":31,"column":31}},"12":{"start":{"line":32,"column":15},"end":{"line":32,"column":33}},"13":{"start":{"line":33,"column":2},"end":{"line":33,"column":null}},"14":{"start":{"line":37,"column":16},"end":{"line":37,"column":null}},"15":{"start":{"line":38,"column":14},"end":{"line":41,"column":4}},"16":{"start":{"line":42,"column":2},"end":{"line":42,"column":null}},"17":{"start":{"line":42,"column":15},"end":{"line":42,"column":null}},"18":{"start":{"line":43,"column":15},"end":{"line":43,"column":31}},"19":{"start":{"line":44,"column":2},"end":{"line":44,"column":null}},"20":{"start":{"line":48,"column":19},"end":{"line":48,"column":64}},"21":{"start":{"line":49,"column":23},"end":{"line":49,"column":67}},"22":{"start":{"line":50,"column":28},"end":{"line":50,"column":66}},"23":{"start":{"line":53,"column":4},"end":{"line":53,"column":null}},"24":{"start":{"line":53,"column":32},"end":{"line":53,"column":null}},"25":{"start":{"line":55,"column":4},"end":{"line":85,"column":null}},"26":{"start":{"line":57,"column":20},"end":{"line":57,"column":null}},"27":{"start":{"line":58,"column":20},"end":{"line":58,"column":null}},"28":{"start":{"line":59,"column":8},"end":{"line":59,"column":null}},"29":{"start":{"line":60,"column":8},"end":{"line":60,"column":null}},"30":{"start":{"line":62,"column":8},"end":{"line":79,"column":null}},"31":{"start":{"line":63,"column":36},"end":{"line":66,"column":12}},"32":{"start":{"line":64,"column":49},"end":{"line":64,"column":52}},"33":{"start":{"line":65,"column":50},"end":{"line":65,"column":53}},"34":{"start":{"line":68,"column":10},"end":{"line":75,"column":null}},"35":{"start":{"line":69,"column":12},"end":{"line":69,"column":null}},"36":{"start":{"line":70,"column":21},"end":{"line":75,"column":null}},"37":{"start":{"line":71,"column":12},"end":{"line":71,"column":null}},"38":{"start":{"line":72,"column":21},"end":{"line":75,"column":null}},"39":{"start":{"line":73,"column":12},"end":{"line":73,"column":null}},"40":{"start":{"line":75,"column":12},"end":{"line":75,"column":null}},"41":{"start":{"line":88,"column":2},"end":{"line":90,"column":null}},"42":{"start":{"line":89,"column":4},"end":{"line":89,"column":null}},"43":{"start":{"line":92,"column":2},"end":{"line":92,"column":null}}},"fnMap":{"0":{"name":"fetchWithTimeout","decl":{"start":{"line":16,"column":15},"end":{"line":16,"column":32}},"loc":{"start":{"line":16,"column":91},"end":{"line":23,"column":null}},"line":16},"1":{"name":"reversegeocode","decl":{"start":{"line":27,"column":15},"end":{"line":27,"column":30}},"loc":{"start":{"line":27,"column":73},"end":{"line":33,"column":null}},"line":27},"2":{"name":"nearestWaterway","decl":{"start":{"line":36,"column":15},"end":{"line":36,"column":31}},"loc":{"start":{"line":36,"column":74},"end":{"line":44,"column":null}},"line":36},"3":{"name":"useGeolocation","decl":{"start":{"line":47,"column":16},"end":{"line":47,"column":55}},"loc":{"start":{"line":47,"column":55},"end":{"line":92,"column":null}},"line":47},"4":{"name":"requestLocation","decl":{"start":{"line":52,"column":11},"end":{"line":52,"column":29}},"loc":{"start":{"line":52,"column":29},"end":{"line":85,"column":null}},"line":52},"5":{"name":"(anonymous_5)","decl":{"start":{"line":56,"column":6},"end":{"line":56,"column":13}},"loc":{"start":{"line":56,"column":21},"end":{"line":82,"column":null}},"line":56},"6":{"name":"(anonymous_6)","decl":{"start":{"line":64,"column":37},"end":{"line":64,"column":49}},"loc":{"start":{"line":64,"column":49},"end":{"line":64,"column":52}},"line":64},"7":{"name":"(anonymous_7)","decl":{"start":{"line":65,"column":38},"end":{"line":65,"column":50}},"loc":{"start":{"line":65,"column":50},"end":{"line":65,"column":53}},"line":65},"8":{"name":"(anonymous_8)","decl":{"start":{"line":82,"column":12},"end":{"line":82,"column":null}},"loc":{"start":{"line":82,"column":12},"end":{"line":85,"column":null}},"line":82},"9":{"name":"(anonymous_9)","decl":{"start":{"line":88,"column":2},"end":{"line":88,"column":18}},"loc":{"start":{"line":88,"column":18},"end":{"line":90,"column":7}},"line":88}},"branchMap":{"0":{"loc":{"start":{"line":16,"column":45},"end":{"line":16,"column":70}},"type":"default-arg","locations":[{"start":{"line":16,"column":68},"end":{"line":16,"column":70}}],"line":16},"1":{"loc":{"start":{"line":30,"column":2},"end":{"line":30,"column":null}},"type":"if","locations":[{"start":{"line":30,"column":2},"end":{"line":30,"column":null}},{"start":{},"end":{}}],"line":30},"2":{"loc":{"start":{"line":32,"column":15},"end":{"line":32,"column":33}},"type":"binary-expr","locations":[{"start":{"line":32,"column":15},"end":{"line":32,"column":31}},{"start":{"line":32,"column":31},"end":{"line":32,"column":33}}],"line":32},"3":{"loc":{"start":{"line":33,"column":9},"end":{"line":33,"column":null}},"type":"binary-expr","locations":[{"start":{"line":33,"column":9},"end":{"line":33,"column":24}},{"start":{"line":33,"column":24},"end":{"line":33,"column":37}},{"start":{"line":33,"column":37},"end":{"line":33,"column":50}},{"start":{"line":33,"column":50},"end":{"line":33,"column":66}},{"start":{"line":33,"column":66},"end":{"line":33,"column":null}}],"line":33},"4":{"loc":{"start":{"line":42,"column":2},"end":{"line":42,"column":null}},"type":"if","locations":[{"start":{"line":42,"column":2},"end":{"line":42,"column":null}},{"start":{},"end":{}}],"line":42},"5":{"loc":{"start":{"line":44,"column":9},"end":{"line":44,"column":null}},"type":"binary-expr","locations":[{"start":{"line":44,"column":9},"end":{"line":44,"column":43}},{"start":{"line":44,"column":43},"end":{"line":44,"column":null}}],"line":44},"6":{"loc":{"start":{"line":53,"column":4},"end":{"line":53,"column":null}},"type":"if","locations":[{"start":{"line":53,"column":4},"end":{"line":53,"column":null}},{"start":{},"end":{}}],"line":53},"7":{"loc":{"start":{"line":68,"column":10},"end":{"line":75,"column":null}},"type":"if","locations":[{"start":{"line":68,"column":10},"end":{"line":75,"column":null}},{"start":{"line":70,"column":21},"end":{"line":75,"column":null}}],"line":68},"8":{"loc":{"start":{"line":68,"column":14},"end":{"line":68,"column":33}},"type":"binary-expr","locations":[{"start":{"line":68,"column":14},"end":{"line":68,"column":26}},{"start":{"line":68,"column":26},"end":{"line":68,"column":33}}],"line":68},"9":{"loc":{"start":{"line":70,"column":21},"end":{"line":75,"column":null}},"type":"if","locations":[{"start":{"line":70,"column":21},"end":{"line":75,"column":null}},{"start":{"line":72,"column":21},"end":{"line":75,"column":null}}],"line":70},"10":{"loc":{"start":{"line":72,"column":21},"end":{"line":75,"column":null}},"type":"if","locations":[{"start":{"line":72,"column":21},"end":{"line":75,"column":null}},{"start":{"line":74,"column":17},"end":{"line":75,"column":null}}],"line":72}},"s":{"0":2,"1":2,"2":2,"3":20,"4":20,"5":20,"6":20,"7":10,"8":10,"9":9,"10":9,"11":8,"12":8,"13":10,"14":10,"15":10,"16":9,"17":9,"18":8,"19":6,"20":35,"21":35,"22":35,"23":17,"24":2,"25":15,"26":10,"27":10,"28":10,"29":10,"30":10,"31":10,"32":2,"33":4,"34":10,"35":2,"36":8,"37":4,"38":4,"39":2,"40":2,"41":35,"42":15,"43":35},"f":{"0":20,"1":10,"2":10,"3":35,"4":17,"5":10,"6":2,"7":4,"8":2,"9":15},"b":{"0":[20],"1":[1,8],"2":[8,1],"3":[10,2,2,2,2],"4":[1,8],"5":[6,1],"6":[2,15],"7":[2,8],"8":[10,4],"9":[4,4],"10":[2,2]},"meta":{"lastBranch":11,"lastFunction":10,"lastStatement":44,"seen":{"s:12:29:12:Infinity":0,"s:13:24:13:Infinity":1,"s:14:23:14:Infinity":2,"f:16:15:16:32":0,"b:16:68:16:70":0,"s:17:21:17:42":3,"s:20:2:23:Infinity":4,"s:21:4:21:Infinity":5,"s:23:4:23:Infinity":6,"f:27:15:27:30":1,"s:28:14:28:Infinity":7,"s:29:14:29:83":8,"b:30:2:30:Infinity:undefined:undefined:undefined:undefined":1,"s:30:2:30:Infinity":9,"s:30:15:30:Infinity":10,"s:31:15:31:31":11,"s:32:15:32:33":12,"b:32:15:32:31:32:31:32:33":2,"s:33:2:33:Infinity":13,"b:33:9:33:24:33:24:33:37:33:37:33:50:33:50:33:66:33:66:33:Infinity":3,"f:36:15:36:31":2,"s:37:16:37:Infinity":14,"s:38:14:41:4":15,"b:42:2:42:Infinity:undefined:undefined:undefined:undefined":4,"s:42:2:42:Infinity":16,"s:42:15:42:Infinity":17,"s:43:15:43:31":18,"s:44:2:44:Infinity":19,"b:44:9:44:43:44:43:44:Infinity":5,"f:47:16:47:55":3,"s:48:19:48:64":20,"s:49:23:49:67":21,"s:50:28:50:66":22,"f:52:11:52:29":4,"b:53:4:53:Infinity:undefined:undefined:undefined:undefined":6,"s:53:4:53:Infinity":23,"s:53:32:53:Infinity":24,"s:55:4:85:Infinity":25,"f:56:6:56:13":5,"s:57:20:57:Infinity":26,"s:58:20:58:Infinity":27,"s:59:8:59:Infinity":28,"s:60:8:60:Infinity":29,"s:62:8:79:Infinity":30,"s:63:36:66:12":31,"f:64:37:64:49":6,"s:64:49:64:52":32,"f:65:38:65:50":7,"s:65:50:65:53":33,"b:68:10:75:Infinity:70:21:75:Infinity":7,"s:68:10:75:Infinity":34,"b:68:14:68:26:68:26:68:33":8,"s:69:12:69:Infinity":35,"b:70:21:75:Infinity:72:21:75:Infinity":9,"s:70:21:75:Infinity":36,"s:71:12:71:Infinity":37,"b:72:21:75:Infinity:74:17:75:Infinity":10,"s:72:21:75:Infinity":38,"s:73:12:73:Infinity":39,"s:75:12:75:Infinity":40,"f:82:12:82:Infinity":8,"s:88:2:90:Infinity":41,"f:88:2:88:18":9,"s:89:4:89:Infinity":42,"s:92:2:92:Infinity":43}}}
,"/Users/grasbergerm/Projects/schiffe.grasbergerm.com/frontend/src/hooks/useShips.ts": {"path":"/Users/grasbergerm/Projects/schiffe.grasbergerm.com/frontend/src/hooks/useShips.ts","statementMap":{"0":{"start":{"line":5,"column":16},"end":{"line":5,"column":null}},"1":{"start":{"line":17,"column":16},"end":{"line":17,"column":52}},"2":{"start":{"line":18,"column":15},"end":{"line":18,"column":56}},"3":{"start":{"line":19,"column":20},"end":{"line":19,"column":50}},"4":{"start":{"line":20,"column":16},"end":{"line":20,"column":57}},"5":{"start":{"line":21,"column":8},"end":{"line":21,"column":37}},"6":{"start":{"line":23,"column":2},"end":{"line":48,"column":null}},"7":{"start":{"line":24,"column":19},"end":{"line":25,"column":null}},"8":{"start":{"line":28,"column":4},"end":{"line":34,"column":null}},"9":{"start":{"line":29,"column":32},"end":{"line":29,"column":54}},"10":{"start":{"line":30,"column":6},"end":{"line":30,"column":null}},"11":{"start":{"line":31,"column":6},"end":{"line":31,"column":null}},"12":{"start":{"line":32,"column":6},"end":{"line":32,"column":null}},"13":{"start":{"line":33,"column":6},"end":{"line":33,"column":null}},"14":{"start":{"line":34,"column":6},"end":{"line":34,"column":null}},"15":{"start":{"line":37,"column":4},"end":{"line":40,"column":null}},"16":{"start":{"line":38,"column":6},"end":{"line":38,"column":null}},"17":{"start":{"line":39,"column":6},"end":{"line":40,"column":null}},"18":{"start":{"line":40,"column":8},"end":{"line":40,"column":null}},"19":{"start":{"line":45,"column":4},"end":{"line":46,"column":null}},"20":{"start":{"line":46,"column":6},"end":{"line":46,"column":null}},"21":{"start":{"line":50,"column":8},"end":{"line":56,"column":33}},"22":{"start":{"line":51,"column":17},"end":{"line":53,"column":76}},"23":{"start":{"line":53,"column":22},"end":{"line":53,"column":76}},"24":{"start":{"line":54,"column":4},"end":{"line":54,"column":null}},"25":{"start":{"line":54,"column":20},"end":{"line":54,"column":null}},"26":{"start":{"line":54,"column":50},"end":{"line":54,"column":65}},"27":{"start":{"line":55,"column":4},"end":{"line":55,"column":null}},"28":{"start":{"line":58,"column":2},"end":{"line":58,"column":null}}},"fnMap":{"0":{"name":"useShips","decl":{"start":{"line":16,"column":16},"end":{"line":16,"column":25}},"loc":{"start":{"line":16,"column":98},"end":{"line":58,"column":null}},"line":16},"1":{"name":"(anonymous_1)","decl":{"start":{"line":23,"column":2},"end":{"line":23,"column":18}},"loc":{"start":{"line":23,"column":18},"end":{"line":48,"column":6}},"line":23},"2":{"name":"(anonymous_2)","decl":{"start":{"line":28,"column":11},"end":{"line":28,"column":24}},"loc":{"start":{"line":28,"column":34},"end":{"line":34,"column":null}},"line":28},"3":{"name":"(anonymous_3)","decl":{"start":{"line":37,"column":11},"end":{"line":37,"column":27}},"loc":{"start":{"line":37,"column":27},"end":{"line":40,"column":null}},"line":37},"4":{"name":"(anonymous_4)","decl":{"start":{"line":45,"column":4},"end":{"line":45,"column":17}},"loc":{"start":{"line":45,"column":17},"end":{"line":46,"column":null}},"line":45},"5":{"name":"(anonymous_5)","decl":{"start":{"line":50,"column":19},"end":{"line":50,"column":33}},"loc":{"start":{"line":50,"column":33},"end":{"line":56,"column":6}},"line":50},"6":{"name":"(anonymous_6)","decl":{"start":{"line":53,"column":14},"end":{"line":53,"column":22}},"loc":{"start":{"line":53,"column":22},"end":{"line":53,"column":76}},"line":53},"7":{"name":"(anonymous_7)","decl":{"start":{"line":54,"column":36},"end":{"line":54,"column":44}},"loc":{"start":{"line":54,"column":50},"end":{"line":54,"column":65}},"line":54}},"branchMap":{"0":{"loc":{"start":{"line":39,"column":6},"end":{"line":40,"column":null}},"type":"if","locations":[{"start":{"line":39,"column":6},"end":{"line":40,"column":null}},{"start":{},"end":{}}],"line":39},"1":{"loc":{"start":{"line":51,"column":17},"end":{"line":53,"column":76}},"type":"cond-expr","locations":[{"start":{"line":52,"column":8},"end":{"line":52,"column":null}},{"start":{"line":53,"column":8},"end":{"line":53,"column":76}}],"line":51},"2":{"loc":{"start":{"line":54,"column":4},"end":{"line":54,"column":null}},"type":"if","locations":[{"start":{"line":54,"column":4},"end":{"line":54,"column":null}},{"start":{},"end":{}}],"line":54}},"s":{"0":2,"1":19,"2":19,"3":19,"4":19,"5":19,"6":19,"7":11,"8":11,"9":5,"10":5,"11":5,"12":5,"13":5,"14":5,"15":11,"16":3,"17":3,"18":1,"19":11,"20":11,"21":19,"22":15,"23":2,"24":15,"25":2,"26":2,"27":15,"28":19},"f":{"0":19,"1":11,"2":5,"3":3,"4":11,"5":15,"6":2,"7":2},"b":{"0":[1,2],"1":[13,2],"2":[2,13]},"meta":{"lastBranch":3,"lastFunction":8,"lastStatement":29,"seen":{"s:5:16:5:Infinity":0,"f:16:16:16:25":0,"s:17:16:17:52":1,"s:18:15:18:56":2,"s:19:20:19:50":3,"s:20:16:20:57":4,"s:21:8:21:37":5,"s:23:2:48:Infinity":6,"f:23:2:23:18":1,"s:24:19:25:Infinity":7,"s:28:4:34:Infinity":8,"f:28:11:28:24":2,"s:29:32:29:54":9,"s:30:6:30:Infinity":10,"s:31:6:31:Infinity":11,"s:32:6:32:Infinity":12,"s:33:6:33:Infinity":13,"s:34:6:34:Infinity":14,"s:37:4:40:Infinity":15,"f:37:11:37:27":3,"s:38:6:38:Infinity":16,"b:39:6:40:Infinity:undefined:undefined:undefined:undefined":0,"s:39:6:40:Infinity":17,"s:40:8:40:Infinity":18,"s:45:4:46:Infinity":19,"f:45:4:45:17":4,"s:46:6:46:Infinity":20,"s:50:8:56:33":21,"f:50:19:50:33":5,"s:51:17:53:76":22,"b:52:8:52:Infinity:53:8:53:76":1,"f:53:14:53:22":6,"s:53:22:53:76":23,"b:54:4:54:Infinity:undefined:undefined:undefined:undefined":2,"s:54:4:54:Infinity":24,"s:54:20:54:Infinity":25,"f:54:36:54:44":7,"s:54:50:54:65":26,"s:55:4:55:Infinity":27,"s:58:2:58:Infinity":28}}}
,"/Users/grasbergerm/Projects/schiffe.grasbergerm.com/frontend/src/utils/flag.ts": {"path":"/Users/grasbergerm/Projects/schiffe.grasbergerm.com/frontend/src/utils/flag.ts","statementMap":{"0":{"start":{"line":2,"column":42},"end":{"line":97,"column":null}},"1":{"start":{"line":101,"column":2},"end":{"line":105,"column":null}},"2":{"start":{"line":104,"column":16},"end":{"line":104,"column":68}},"3":{"start":{"line":109,"column":14},"end":{"line":109,"column":42}},"4":{"start":{"line":110,"column":13},"end":{"line":110,"column":null}},"5":{"start":{"line":111,"column":2},"end":{"line":111,"column":null}}},"fnMap":{"0":{"name":"ccToFlag","decl":{"start":{"line":99,"column":9},"end":{"line":99,"column":18}},"loc":{"start":{"line":99,"column":38},"end":{"line":105,"column":null}},"line":99},"1":{"name":"(anonymous_1)","decl":{"start":{"line":104,"column":5},"end":{"line":104,"column":10}},"loc":{"start":{"line":104,"column":16},"end":{"line":104,"column":68}},"line":104},"2":{"name":"flagFromMmsi","decl":{"start":{"line":108,"column":16},"end":{"line":108,"column":29}},"loc":{"start":{"line":108,"column":58},"end":{"line":111,"column":null}},"line":108}},"branchMap":{"0":{"loc":{"start":{"line":111,"column":9},"end":{"line":111,"column":null}},"type":"cond-expr","locations":[{"start":{"line":111,"column":14},"end":{"line":111,"column":26}},{"start":{"line":111,"column":29},"end":{"line":111,"column":null}}],"line":111}},"s":{"0":5,"1":13,"2":26,"3":39,"4":39,"5":39},"f":{"0":13,"1":26,"2":39},"b":{"0":[13,26]},"meta":{"lastBranch":1,"lastFunction":3,"lastStatement":6,"seen":{"s:2:42:97:Infinity":0,"f:99:9:99:18":0,"s:101:2:105:Infinity":1,"f:104:5:104:10":1,"s:104:16:104:68":2,"f:108:16:108:29":2,"s:109:14:109:42":3,"s:110:13:110:Infinity":4,"s:111:2:111:Infinity":5,"b:111:14:111:26:111:29:111:Infinity":0}}}
,"/Users/grasbergerm/Projects/schiffe.grasbergerm.com/frontend/src/utils/format.ts": {"path":"/Users/grasbergerm/Projects/schiffe.grasbergerm.com/frontend/src/utils/format.ts","statementMap":{"0":{"start":{"line":2,"column":2},"end":{"line":2,"column":null}},"1":{"start":{"line":6,"column":2},"end":{"line":6,"column":null}},"2":{"start":{"line":10,"column":12},"end":{"line":10,"column":25}},"3":{"start":{"line":11,"column":2},"end":{"line":11,"column":null}},"4":{"start":{"line":15,"column":2},"end":{"line":15,"column":null}},"5":{"start":{"line":19,"column":18},"end":{"line":19,"column":77}},"6":{"start":{"line":20,"column":2},"end":{"line":20,"column":null}},"7":{"start":{"line":20,"column":19},"end":{"line":20,"column":null}},"8":{"start":{"line":21,"column":2},"end":{"line":21,"column":null}},"9":{"start":{"line":21,"column":20},"end":{"line":21,"column":null}},"10":{"start":{"line":22,"column":2},"end":{"line":22,"column":null}},"11":{"start":{"line":26,"column":2},"end":{"line":26,"column":null}},"12":{"start":{"line":26,"column":23},"end":{"line":26,"column":null}},"13":{"start":{"line":27,"column":15},"end":{"line":27,"column":null}},"14":{"start":{"line":28,"column":2},"end":{"line":28,"column":null}}},"fnMap":{"0":{"name":"formatDistance","decl":{"start":{"line":1,"column":16},"end":{"line":1,"column":31}},"loc":{"start":{"line":1,"column":51},"end":{"line":2,"column":null}},"line":1},"1":{"name":"formatSpeed","decl":{"start":{"line":5,"column":16},"end":{"line":5,"column":28}},"loc":{"start":{"line":5,"column":51},"end":{"line":6,"column":null}},"line":5},"2":{"name":"formatTime","decl":{"start":{"line":9,"column":16},"end":{"line":9,"column":27}},"loc":{"start":{"line":9,"column":48},"end":{"line":11,"column":null}},"line":9},"3":{"name":"formatNow","decl":{"start":{"line":14,"column":16},"end":{"line":14,"column":36}},"loc":{"start":{"line":14,"column":36},"end":{"line":15,"column":null}},"line":14},"4":{"name":"formatRelativeTime","decl":{"start":{"line":18,"column":16},"end":{"line":18,"column":35}},"loc":{"start":{"line":18,"column":56},"end":{"line":22,"column":null}},"line":18},"5":{"name":"getDirection","decl":{"start":{"line":25,"column":16},"end":{"line":25,"column":29}},"loc":{"start":{"line":25,"column":54},"end":{"line":28,"column":null}},"line":25}},"branchMap":{"0":{"loc":{"start":{"line":20,"column":2},"end":{"line":20,"column":null}},"type":"if","locations":[{"start":{"line":20,"column":2},"end":{"line":20,"column":null}},{"start":{},"end":{}}],"line":20},"1":{"loc":{"start":{"line":21,"column":2},"end":{"line":21,"column":null}},"type":"if","locations":[{"start":{"line":21,"column":2},"end":{"line":21,"column":null}},{"start":{},"end":{}}],"line":21},"2":{"loc":{"start":{"line":26,"column":2},"end":{"line":26,"column":null}},"type":"if","locations":[{"start":{"line":26,"column":2},"end":{"line":26,"column":null}},{"start":{},"end":{}}],"line":26}},"s":{"0":36,"1":42,"2":1,"3":1,"4":18,"5":27,"6":27,"7":25,"8":2,"9":2,"10":1,"11":40,"12":13,"13":27,"14":27},"f":{"0":36,"1":42,"2":1,"3":18,"4":27,"5":40},"b":{"0":[25,2],"1":[1,1],"2":[13,27]},"meta":{"lastBranch":3,"lastFunction":6,"lastStatement":15,"seen":{"f:1:16:1:31":0,"s:2:2:2:Infinity":0,"f:5:16:5:28":1,"s:6:2:6:Infinity":1,"f:9:16:9:27":2,"s:10:12:10:25":2,"s:11:2:11:Infinity":3,"f:14:16:14:36":3,"s:15:2:15:Infinity":4,"f:18:16:18:35":4,"s:19:18:19:77":5,"b:20:2:20:Infinity:undefined:undefined:undefined:undefined":0,"s:20:2:20:Infinity":6,"s:20:19:20:Infinity":7,"b:21:2:21:Infinity:undefined:undefined:undefined:undefined":1,"s:21:2:21:Infinity":8,"s:21:20:21:Infinity":9,"s:22:2:22:Infinity":10,"f:25:16:25:29":5,"b:26:2:26:Infinity:undefined:undefined:undefined:undefined":2,"s:26:2:26:Infinity":11,"s:26:23:26:Infinity":12,"s:27:15:27:Infinity":13,"s:28:2:28:Infinity":14}}}
,"/Users/grasbergerm/Projects/schiffe.grasbergerm.com/frontend/src/utils/navStatus.ts": {"path":"/Users/grasbergerm/Projects/schiffe.grasbergerm.com/frontend/src/utils/navStatus.ts","statementMap":{"0":{"start":{"line":2,"column":50},"end":{"line":13,"column":null}},"1":{"start":{"line":15,"column":49},"end":{"line":23,"column":null}},"2":{"start":{"line":26,"column":2},"end":{"line":26,"column":null}},"3":{"start":{"line":26,"column":23},"end":{"line":26,"column":null}},"4":{"start":{"line":27,"column":2},"end":{"line":27,"column":null}},"5":{"start":{"line":31,"column":2},"end":{"line":31,"column":null}},"6":{"start":{"line":31,"column":23},"end":{"line":31,"column":null}},"7":{"start":{"line":32,"column":2},"end":{"line":32,"column":null}}},"fnMap":{"0":{"name":"navStatusShort","decl":{"start":{"line":25,"column":16},"end":{"line":25,"column":31}},"loc":{"start":{"line":25,"column":69},"end":{"line":27,"column":null}},"line":25},"1":{"name":"navStatusLabel","decl":{"start":{"line":30,"column":16},"end":{"line":30,"column":31}},"loc":{"start":{"line":30,"column":69},"end":{"line":32,"column":null}},"line":30}},"branchMap":{"0":{"loc":{"start":{"line":26,"column":2},"end":{"line":26,"column":null}},"type":"if","locations":[{"start":{"line":26,"column":2},"end":{"line":26,"column":null}},{"start":{},"end":{}}],"line":26},"1":{"loc":{"start":{"line":27,"column":9},"end":{"line":27,"column":null}},"type":"binary-expr","locations":[{"start":{"line":27,"column":9},"end":{"line":27,"column":37}},{"start":{"line":27,"column":37},"end":{"line":27,"column":null}}],"line":27},"2":{"loc":{"start":{"line":31,"column":2},"end":{"line":31,"column":null}},"type":"if","locations":[{"start":{"line":31,"column":2},"end":{"line":31,"column":null}},{"start":{},"end":{}}],"line":31},"3":{"loc":{"start":{"line":32,"column":9},"end":{"line":32,"column":null}},"type":"binary-expr","locations":[{"start":{"line":32,"column":9},"end":{"line":32,"column":38}},{"start":{"line":32,"column":38},"end":{"line":32,"column":null}}],"line":32}},"s":{"0":5,"1":5,"2":38,"3":14,"4":24,"5":28,"6":12,"7":16},"f":{"0":38,"1":28},"b":{"0":[14,24],"1":[24,13],"2":[12,16],"3":[16,1]},"meta":{"lastBranch":4,"lastFunction":2,"lastStatement":8,"seen":{"s:2:50:13:Infinity":0,"s:15:49:23:Infinity":1,"f:25:16:25:31":0,"b:26:2:26:Infinity:undefined:undefined:undefined:undefined":0,"s:26:2:26:Infinity":2,"s:26:23:26:Infinity":3,"s:27:2:27:Infinity":4,"b:27:9:27:37:27:37:27:Infinity":1,"f:30:16:30:31":1,"b:31:2:31:Infinity:undefined:undefined:undefined:undefined":2,"s:31:2:31:Infinity":5,"s:31:23:31:Infinity":6,"s:32:2:32:Infinity":7,"b:32:9:32:38:32:38:32:Infinity":3}}}
,"/Users/grasbergerm/Projects/schiffe.grasbergerm.com/frontend/src/utils/ports.ts": {"path":"/Users/grasbergerm/Projects/schiffe.grasbergerm.com/frontend/src/utils/ports.ts","statementMap":{"0":{"start":{"line":3,"column":47},"end":{"line":114,"column":null}},"1":{"start":{"line":117,"column":49},"end":{"line":128,"column":null}},"2":{"start":{"line":131,"column":2},"end":{"line":131,"column":null}},"3":{"start":{"line":131,"column":12},"end":{"line":131,"column":null}},"4":{"start":{"line":132,"column":18},"end":{"line":132,"column":28}},"5":{"start":{"line":133,"column":2},"end":{"line":133,"column":null}},"6":{"start":{"line":133,"column":16},"end":{"line":133,"column":null}},"7":{"start":{"line":136,"column":17},"end":{"line":136,"column":null}},"8":{"start":{"line":137,"column":2},"end":{"line":137,"column":null}},"9":{"start":{"line":137,"column":14},"end":{"line":137,"column":null}},"10":{"start":{"line":140,"column":19},"end":{"line":140,"column":null}},"11":{"start":{"line":141,"column":2},"end":{"line":141,"column":null}},"12":{"start":{"line":141,"column":16},"end":{"line":141,"column":null}},"13":{"start":{"line":144,"column":2},"end":{"line":144,"column":null}}},"fnMap":{"0":{"name":"resolveDestination","decl":{"start":{"line":130,"column":16},"end":{"line":130,"column":35}},"loc":{"start":{"line":130,"column":70},"end":{"line":144,"column":null}},"line":130}},"branchMap":{"0":{"loc":{"start":{"line":131,"column":2},"end":{"line":131,"column":null}},"type":"if","locations":[{"start":{"line":131,"column":2},"end":{"line":131,"column":null}},{"start":{},"end":{}}],"line":131},"1":{"loc":{"start":{"line":133,"column":2},"end":{"line":133,"column":null}},"type":"if","locations":[{"start":{"line":133,"column":2},"end":{"line":133,"column":null}},{"start":{},"end":{}}],"line":133},"2":{"loc":{"start":{"line":137,"column":2},"end":{"line":137,"column":null}},"type":"if","locations":[{"start":{"line":137,"column":2},"end":{"line":137,"column":null}},{"start":{},"end":{}}],"line":137},"3":{"loc":{"start":{"line":141,"column":2},"end":{"line":141,"column":null}},"type":"if","locations":[{"start":{"line":141,"column":2},"end":{"line":141,"column":null}},{"start":{},"end":{}}],"line":141}},"s":{"0":5,"1":5,"2":44,"3":27,"4":17,"5":17,"6":1,"7":16,"8":16,"9":13,"10":3,"11":3,"12":2,"13":1},"f":{"0":44},"b":{"0":[27,17],"1":[1,16],"2":[13,3],"3":[2,1]},"meta":{"lastBranch":4,"lastFunction":1,"lastStatement":14,"seen":{"s:3:47:114:Infinity":0,"s:117:49:128:Infinity":1,"f:130:16:130:35":0,"b:131:2:131:Infinity:undefined:undefined:undefined:undefined":0,"s:131:2:131:Infinity":2,"s:131:12:131:Infinity":3,"s:132:18:132:28":4,"b:133:2:133:Infinity:undefined:undefined:undefined:undefined":1,"s:133:2:133:Infinity":5,"s:133:16:133:Infinity":6,"s:136:17:136:Infinity":7,"b:137:2:137:Infinity:undefined:undefined:undefined:undefined":2,"s:137:2:137:Infinity":8,"s:137:14:137:Infinity":9,"s:140:19:140:Infinity":10,"b:141:2:141:Infinity:undefined:undefined:undefined:undefined":3,"s:141:2:141:Infinity":11,"s:141:16:141:Infinity":12,"s:144:2:144:Infinity":13}}}
,"/Users/grasbergerm/Projects/schiffe.grasbergerm.com/frontend/src/utils/shipTypes.ts": {"path":"/Users/grasbergerm/Projects/schiffe.grasbergerm.com/frontend/src/utils/shipTypes.ts","statementMap":{"0":{"start":{"line":10,"column":2},"end":{"line":10,"column":null}},"1":{"start":{"line":10,"column":25},"end":{"line":10,"column":null}},"2":{"start":{"line":12,"column":21},"end":{"line":12,"column":46}},"3":{"start":{"line":14,"column":2},"end":{"line":22,"column":null}},"4":{"start":{"line":16,"column":6},"end":{"line":16,"column":null}},"5":{"start":{"line":18,"column":6},"end":{"line":18,"column":null}},"6":{"start":{"line":20,"column":6},"end":{"line":20,"column":null}},"7":{"start":{"line":22,"column":6},"end":{"line":22,"column":null}},"8":{"start":{"line":26,"column":82},"end":{"line":32,"column":null}}},"fnMap":{"0":{"name":"getShipTypeInfo","decl":{"start":{"line":9,"column":16},"end":{"line":9,"column":32}},"loc":{"start":{"line":9,"column":71},"end":{"line":22,"column":null}},"line":9}},"branchMap":{"0":{"loc":{"start":{"line":10,"column":2},"end":{"line":10,"column":null}},"type":"if","locations":[{"start":{"line":10,"column":2},"end":{"line":10,"column":null}},{"start":{},"end":{}}],"line":10},"1":{"loc":{"start":{"line":14,"column":2},"end":{"line":22,"column":null}},"type":"switch","locations":[{"start":{"line":15,"column":4},"end":{"line":16,"column":null}},{"start":{"line":17,"column":4},"end":{"line":18,"column":null}},{"start":{"line":19,"column":4},"end":{"line":20,"column":null}},{"start":{"line":21,"column":4},"end":{"line":22,"column":null}}],"line":14}},"s":{"0":44,"1":4,"2":40,"3":40,"4":1,"5":36,"6":2,"7":1,"8":6},"f":{"0":44},"b":{"0":[4,40],"1":[40,36,2,1]},"meta":{"lastBranch":2,"lastFunction":1,"lastStatement":9,"seen":{"f:9:16:9:32":0,"b:10:2:10:Infinity:undefined:undefined:undefined:undefined":0,"s:10:2:10:Infinity":0,"s:10:25:10:Infinity":1,"s:12:21:12:46":2,"b:15:4:16:Infinity:17:4:18:Infinity:19:4:20:Infinity:21:4:22:Infinity":1,"s:14:2:22:Infinity":3,"s:16:6:16:Infinity":4,"s:18:6:18:Infinity":5,"s:20:6:20:Infinity":6,"s:22:6:22:Infinity":7,"s:26:82:32:Infinity":8}}}
}
